\BOOKMARK [0][-]{chapter.1}{Etat de l\220art}{}% 1
\BOOKMARK [1][-]{section.1.1}{Le d\351r\350glement climatique}{chapter.1}% 2
\BOOKMARK [1][-]{section.1.2}{Augmentation des besoins en \351nergie}{chapter.1}% 3
\BOOKMARK [1][-]{section.1.3}{Guere de l'energie}{chapter.1}% 4
\BOOKMARK [1][-]{section.1.4}{Amelioration des performances informatique}{chapter.1}% 5
\BOOKMARK [0][-]{chapter.2}{Enjeux}{}% 6
\BOOKMARK [1][-]{section.2.1}{Descriptif de la smart grid}{chapter.2}% 7
\BOOKMARK [1][-]{section.2.2}{Villes connecte}{chapter.2}% 8
\BOOKMARK [1][-]{section.2.3}{Connectivite et population}{chapter.2}% 9
\BOOKMARK [0][-]{chapter.3}{Cycles energetiques}{}% 10
\BOOKMARK [1][-]{section.3.1}{Cycle du soleil}{chapter.3}% 11
\BOOKMARK [1][-]{section.3.2}{Cycle circadien humain}{chapter.3}% 12
\BOOKMARK [1][-]{section.3.3}{Cycles long cours}{chapter.3}% 13
\BOOKMARK [1][-]{section.3.4}{Equilibre de la production}{chapter.3}% 14
\BOOKMARK [1][-]{section.3.5}{Anticipation de la consommation}{chapter.3}% 15
\BOOKMARK [0][-]{chapter.4}{Repartition des sources de prodution d'energies}{}% 16
\BOOKMARK [1][-]{section.4.1}{Perte d'energie en chaleure}{chapter.4}% 17
\BOOKMARK [0][-]{chapter.5}{Informatisation des infrastructures}{}% 18
\BOOKMARK [1][-]{section.5.1}{Protocoles et Open Data}{chapter.5}% 19
\BOOKMARK [1][-]{section.5.2}{Gestion des catastrophes}{chapter.5}% 20
\BOOKMARK [1][-]{section.5.3}{Optimisation de la distribution energetique}{chapter.5}% 21
\BOOKMARK [1][-]{section.5.4}{Cas d'etude d'une bourse de l'energie}{chapter.5}% 22
